# JRE version: OpenJDK Runtime Environment (8.0_152-b02) (build 1.8.0_152-release-1024-b02)
# Java VM: OpenJDK 64-Bit Server VM (25.152-b02 mixed mode windows-amd64 compressed oops)
Heap:
 PSYoungGen      total 195584K, used 106008K [0x00000000e0000000, 0x00000000ed400000, 0x0000000100000000)
  eden space 176128K, 54% used [0x00000000e0000000,0x00000000e5e0ef10,0x00000000eac00000)
  from space 19456K, 49% used [0x00000000ec100000,0x00000000eca770f0,0x00000000ed400000)
  to   space 20480K, 0% used [0x00000000eac00000,0x00000000eac00000,0x00000000ec000000)
 ParOldGen       total 207360K, used 33831K [0x00000000a0000000, 0x00000000aca80000, 0x00000000e0000000)
  object space 207360K, 16% used [0x00000000a0000000,0x00000000a2109fd8,0x00000000aca80000)
 Metaspace       used 65784K, capacity 68110K, committed 68312K, reserved 1107968K
  class space    used 8681K, capacity 9194K, committed 9216K, reserved 1048576K
GC Heap History (10 events):
Event: 18.001 GC heap before
{Heap before GC invocations=13 (full 2):
 PSYoungGen      total 132608K, used 132586K [0x00000000e0000000, 0x00000000e9000000, 0x0000000100000000)
  eden space 119808K, 100% used [0x00000000e0000000,0x00000000e7500000,0x00000000e7500000)
  from space 12800K, 99% used [0x00000000e8300000,0x00000000e8f7aac0,0x00000000e8f80000)
  to   space 13824K, 0% used [0x00000000e7500000,0x00000000e7500000,0x00000000e8280000)
 ParOldGen       total 138752K, used 14291K [0x00000000a0000000, 0x00000000a8780000, 0x00000000e0000000)
  object space 138752K, 10% used [0x00000000a0000000,0x00000000a0df4d50,0x00000000a8780000)
 Metaspace       used 54447K, capacity 56072K, committed 56280K, reserved 1097728K
  class space    used 7435K, capacity 7819K, committed 7936K, reserved 1048576K
Event: 18.037 GC heap after
Heap after GC invocations=13 (full 2):
 PSYoungGen      total 133632K, used 13805K [0x00000000e0000000, 0x00000000eb900000, 0x0000000100000000)
  eden space 119808K, 0% used [0x00000000e0000000,0x00000000e0000000,0x00000000e7500000)
  from space 13824K, 99% used [0x00000000e7500000,0x00000000e827b500,0x00000000e8280000)
  to   space 19456K, 0% used [0x00000000ea600000,0x00000000ea600000,0x00000000eb900000)
 ParOldGen       total 138752K, used 25017K [0x00000000a0000000, 0x00000000a8780000, 0x00000000e0000000)
  object space 138752K, 18% used [0x00000000a0000000,0x00000000a186e670,0x00000000a8780000)
 Metaspace       used 54447K, capacity 56072K, committed 56280K, reserved 1097728K
  class space    used 7435K, capacity 7819K, committed 7936K, reserved 1048576K
}
Event: 23.328 GC heap before
{Heap before GC invocations=14 (full 2):
 PSYoungGen      total 133632K, used 112155K [0x00000000e0000000, 0x00000000eb900000, 0x0000000100000000)
  eden space 119808K, 82% used [0x00000000e0000000,0x00000000e600bae8,0x00000000e7500000)
  from space 13824K, 99% used [0x00000000e7500000,0x00000000e827b500,0x00000000e8280000)
  to   space 19456K, 0% used [0x00000000ea600000,0x00000000ea600000,0x00000000eb900000)
 ParOldGen       total 138752K, used 25017K [0x00000000a0000000, 0x00000000a8780000, 0x00000000e0000000)
  object space 138752K, 18% used [0x00000000a0000000,0x00000000a186e670,0x00000000a8780000)
 Metaspace       used 57166K, capacity 58922K, committed 59028K, reserved 1099776K
  class space    used 7728K, capacity 8148K, committed 8192K, reserved 1048576K
Event: 23.349 GC heap after
Heap after GC invocations=14 (full 2):
 PSYoungGen      total 166400K, used 19454K [0x00000000e0000000, 0x00000000eba80000, 0x0000000100000000)
  eden space 146944K, 0% used [0x00000000e0000000,0x00000000e0000000,0x00000000e8f80000)
  from space 19456K, 99% used [0x00000000ea600000,0x00000000eb8ffb50,0x00000000eb900000)
  to   space 22016K, 0% used [0x00000000e8f80000,0x00000000e8f80000,0x00000000ea500000)
 ParOldGen       total 138752K, used 25899K [0x00000000a0000000, 0x00000000a8780000, 0x00000000e0000000)
  object space 138752K, 18% used [0x00000000a0000000,0x00000000a194af60,0x00000000a8780000)
 Metaspace       used 57166K, capacity 58922K, committed 59028K, reserved 1099776K
  class space    used 7728K, capacity 8148K, committed 8192K, reserved 1048576K
}
Event: 23.349 GC heap before
{Heap before GC invocations=15 (full 3):
 PSYoungGen      total 166400K, used 19454K [0x00000000e0000000, 0x00000000eba80000, 0x0000000100000000)
  eden space 146944K, 0% used [0x00000000e0000000,0x00000000e0000000,0x00000000e8f80000)
  from space 19456K, 99% used [0x00000000ea600000,0x00000000eb8ffb50,0x00000000eb900000)
  to   space 22016K, 0% used [0x00000000e8f80000,0x00000000e8f80000,0x00000000ea500000)
 ParOldGen       total 138752K, used 25899K [0x00000000a0000000, 0x00000000a8780000, 0x00000000e0000000)
  object space 138752K, 18% used [0x00000000a0000000,0x00000000a194af60,0x00000000a8780000)
 Metaspace       used 57166K, capacity 58922K, committed 59028K, reserved 1099776K
  class space    used 7728K, capacity 8148K, committed 8192K, reserved 1048576K
Event: 23.599 GC heap after
Heap after GC invocations=15 (full 3):
 PSYoungGen      total 166400K, used 0K [0x00000000e0000000, 0x00000000eba80000, 0x0000000100000000)
  eden space 146944K, 0% used [0x00000000e0000000,0x00000000e0000000,0x00000000e8f80000)
  from space 19456K, 0% used [0x00000000ea600000,0x00000000ea600000,0x00000000eb900000)
  to   space 22016K, 0% used [0x00000000e8f80000,0x00000000e8f80000,0x00000000ea500000)
 ParOldGen       total 207360K, used 33807K [0x00000000a0000000, 0x00000000aca80000, 0x00000000e0000000)
  object space 207360K, 16% used [0x00000000a0000000,0x00000000a2103fd8,0x00000000aca80000)
 Metaspace       used 57166K, capacity 58922K, committed 59028K, reserved 1099776K
  class space    used 7728K, capacity 8148K, committed 8192K, reserved 1048576K
}
Event: 28.415 GC heap before
{Heap before GC invocations=16 (full 3):
 PSYoungGen      total 166400K, used 146944K [0x00000000e0000000, 0x00000000eba80000, 0x0000000100000000)
  eden space 146944K, 100% used [0x00000000e0000000,0x00000000e8f80000,0x00000000e8f80000)
  from space 19456K, 0% used [0x00000000ea600000,0x00000000ea600000,0x00000000eb900000)
  to   space 22016K, 0% used [0x00000000e8f80000,0x00000000e8f80000,0x00000000ea500000)
 ParOldGen       total 207360K, used 33807K [0x00000000a0000000, 0x00000000aca80000, 0x00000000e0000000)
  object space 207360K, 16% used [0x00000000a0000000,0x00000000a2103fd8,0x00000000aca80000)
 Metaspace       used 63781K, capacity 65714K, committed 66008K, reserved 1105920K
  class space    used 8432K, capacity 8886K, committed 8960K, reserved 1048576K
Event: 28.429 GC heap after
Heap after GC invocations=16 (full 3):
 PSYoungGen      total 168960K, used 9432K [0x00000000e0000000, 0x00000000ed600000, 0x0000000100000000)
  eden space 146944K, 0% used [0x00000000e0000000,0x00000000e0000000,0x00000000e8f80000)
  from space 22016K, 42% used [0x00000000e8f80000,0x00000000e98b6128,0x00000000ea500000)
  to   space 21504K, 0% used [0x00000000ec100000,0x00000000ec100000,0x00000000ed600000)
 ParOldGen       total 207360K, used 33823K [0x00000000a0000000, 0x00000000aca80000, 0x00000000e0000000)
  object space 207360K, 16% used [0x00000000a0000000,0x00000000a2107fd8,0x00000000aca80000)
 Metaspace       used 63781K, capacity 65714K, committed 66008K, reserved 1105920K
  class space    used 8432K, capacity 8886K, committed 8960K, reserved 1048576K
}
Event: 29.753 GC heap before
{Heap before GC invocations=17 (full 3):
 PSYoungGen      total 168960K, used 156376K [0x00000000e0000000, 0x00000000ed600000, 0x0000000100000000)
  eden space 146944K, 100% used [0x00000000e0000000,0x00000000e8f80000,0x00000000e8f80000)
  from space 22016K, 42% used [0x00000000e8f80000,0x00000000e98b6128,0x00000000ea500000)
  to   space 21504K, 0% used [0x00000000ec100000,0x00000000ec100000,0x00000000ed600000)
 ParOldGen       total 207360K, used 33823K [0x00000000a0000000, 0x00000000aca80000, 0x00000000e0000000)
  object space 207360K, 16% used [0x00000000a0000000,0x00000000a2107fd8,0x00000000aca80000)
 Metaspace       used 64859K, capacity 67092K, committed 67160K, reserved 1107968K
  class space    used 8593K, capacity 9083K, committed 9088K, reserved 1048576K
Event: 29.765 GC heap after
Heap after GC invocations=17 (full 3):
 PSYoungGen      total 195584K, used 9692K [0x00000000e0000000, 0x00000000ed400000, 0x0000000100000000)
  eden space 176128K, 0% used [0x00000000e0000000,0x00000000e0000000,0x00000000eac00000)
  from space 19456K, 49% used [0x00000000ec100000,0x00000000eca770f0,0x00000000ed400000)
  to   space 20480K, 0% used [0x00000000eac00000,0x00000000eac00000,0x00000000ec000000)
 ParOldGen       total 207360K, used 33831K [0x00000000a0000000, 0x00000000aca80000, 0x00000000e0000000)
  object space 207360K, 16% used [0x00000000a0000000,0x00000000a2109fd8,0x00000000aca80000)
 Metaspace       used 64859K, capacity 67092K, committed 67160K, reserved 1107968K
  class space    used 8593K, capacity 9083K, committed 9088K, reserved 1048576K
}

